TN:
SF:src/modules/appointments/services/CreateAppointmentService.ts
FN:40,__decorate
FN:40,__metadata
FN:40,__param
FN:40,__awaiter
FN:40,adopt
FN:40,fulfilled
FN:40,rejected
FN:40,step
FN:40,__generator
FN:40,sent
FN:40,g.<computed>
FN:40,verb
FN:40,step
FN:40,__importDefault
FN:16,CreateAppointmentService
FN:21,CreateAppointmentService.execute
FNF:16
FNH:14
FNDA:1,__decorate
FNDA:1,__metadata
FNDA:1,__param
FNDA:3,__awaiter
FNDA:5,adopt
FNDA:5,fulfilled
FNDA:0,rejected
FNDA:7,step
FNDA:3,__generator
FNDA:5,sent
FNDA:0,g.<computed>
FNDA:9,verb
FNDA:8,step
FNDA:1,__importDefault
FNDA:2,CreateAppointmentService
FNDA:3,CreateAppointmentService.execute
DA:1,1
DA:2,1
DA:3,1
DA:4,1
DA:5,1
DA:6,1
DA:7,1
DA:8,1
DA:9,1
DA:10,1
DA:11,1
DA:12,1
DA:13,1
DA:14,1
DA:15,1
DA:16,1
DA:17,2
DA:18,2
DA:19,2
DA:20,1
DA:21,1
DA:22,3
DA:23,3
DA:24,3
DA:25,3
DA:26,3
DA:27,3
DA:28,3
DA:29,1
DA:30,1
DA:31,2
DA:32,2
DA:33,2
DA:34,2
DA:35,2
DA:36,3
DA:37,3
DA:38,1
DA:39,1
DA:40,1
LF:40
LH:40
BRDA:40,0,0,1
BRDA:40,1,0,1
BRDA:40,2,0,0
BRDA:40,3,0,0
BRDA:40,4,0,0
BRDA:40,5,0,0
BRDA:40,6,0,1
BRDA:40,7,0,1
BRDA:40,8,0,1
BRDA:40,9,0,3
BRDA:40,10,0,5
BRDA:40,11,0,0
BRDA:40,12,0,3
BRDA:40,13,0,5
BRDA:40,14,0,1
BRDA:40,15,0,7
BRDA:40,16,0,2
BRDA:40,17,0,5
BRDA:40,18,0,3
BRDA:40,19,0,5
BRDA:40,20,0,0
BRDA:40,21,0,9
BRDA:40,22,0,8
BRDA:40,23,0,8
BRDA:40,24,0,0
BRDA:40,25,0,16
BRDA:40,26,0,0
BRDA:40,27,0,0
BRDA:40,28,0,0
BRDA:40,29,0,0
BRDA:40,30,0,8
BRDA:40,31,0,8
BRDA:40,32,0,5
BRDA:40,33,0,0
BRDA:40,34,0,0
BRDA:40,35,0,3
BRDA:40,36,0,0
BRDA:40,37,0,2
BRDA:40,38,0,0
BRDA:40,39,0,0
BRDA:40,40,0,0
BRDA:40,41,0,0
BRDA:40,42,0,8
BRDA:40,43,0,1
BRDA:40,44,0,8
BRDA:40,45,0,3
BRDA:40,46,0,1
BRDA:40,47,0,2
BRDA:40,48,0,0
BRDA:40,49,0,1
BRDA:40,50,0,0
BRDA:15,51,0,1
BRDA:16,52,0,2
BRDA:21,53,0,3
BRDA:40,54,0,3
BRDA:40,55,0,8
BRDA:40,56,0,3
BRDA:40,57,0,3
BRDA:28,58,0,1
BRDA:30,59,0,2
BRDA:40,60,0,2
BRF:61
BRH:41
end_of_record
TN:
SF:src/modules/users/services/AuthenticateUserService.ts
FN:66,__decorate
FN:66,__metadata
FN:66,__param
FN:66,__awaiter
FN:66,adopt
FN:66,fulfilled
FN:66,rejected
FN:66,step
FN:66,__generator
FN:66,sent
FN:66,g.<computed>
FN:66,verb
FN:66,step
FN:66,__importDefault
FN:25,AuthenticateUserService
FN:33,AuthenticateUserService.execute
FNF:16
FNH:14
FNDA:1,__decorate
FNDA:1,__metadata
FNDA:2,__param
FNDA:3,__awaiter
FNDA:5,adopt
FNDA:5,fulfilled
FNDA:0,rejected
FNDA:6,step
FNDA:3,__generator
FNDA:5,sent
FNDA:0,g.<computed>
FNDA:9,verb
FNDA:8,step
FNDA:2,__importDefault
FNDA:3,AuthenticateUserService
FNDA:3,AuthenticateUserService.execute
DA:1,1
DA:2,1
DA:3,1
DA:4,1
DA:5,1
DA:6,1
DA:7,1
DA:8,1
DA:9,1
DA:10,1
DA:11,1
DA:12,1
DA:13,1
DA:14,1
DA:15,1
DA:16,1
DA:17,1
DA:18,1
DA:19,1
DA:20,1
DA:21,1
DA:22,1
DA:23,1
DA:24,1
DA:25,1
DA:26,3
DA:27,3
DA:28,3
DA:29,3
DA:30,3
DA:31,3
DA:32,1
DA:33,1
DA:34,3
DA:35,3
DA:36,3
DA:37,1
DA:38,1
DA:39,2
DA:40,2
DA:41,2
DA:42,2
DA:43,2
DA:44,2
DA:45,2
DA:46,2
DA:47,3
DA:48,3
DA:49,1
DA:50,1
DA:51,1
DA:52,1
DA:53,1
DA:54,1
DA:55,1
DA:56,1
DA:57,1
DA:58,1
DA:59,1
DA:60,1
DA:61,1
DA:62,1
DA:63,3
DA:64,1
DA:65,1
DA:66,1
LF:66
LH:66
BRDA:66,0,0,1
BRDA:66,1,0,1
BRDA:66,2,0,0
BRDA:66,3,0,0
BRDA:66,4,0,0
BRDA:66,5,0,0
BRDA:66,6,0,1
BRDA:66,7,0,2
BRDA:66,8,0,2
BRDA:66,9,0,3
BRDA:66,10,0,5
BRDA:66,11,0,0
BRDA:66,12,0,3
BRDA:66,13,0,5
BRDA:66,14,0,2
BRDA:66,15,0,6
BRDA:66,16,0,1
BRDA:66,17,0,5
BRDA:66,18,0,3
BRDA:66,19,0,5
BRDA:66,20,0,0
BRDA:66,21,0,9
BRDA:66,22,0,8
BRDA:66,23,0,8
BRDA:66,24,0,0
BRDA:66,25,0,16
BRDA:66,26,0,0
BRDA:66,27,0,0
BRDA:66,28,0,0
BRDA:66,29,0,0
BRDA:66,30,0,8
BRDA:66,31,0,8
BRDA:66,32,0,5
BRDA:66,33,0,0
BRDA:66,34,0,0
BRDA:66,35,0,3
BRDA:66,36,0,0
BRDA:66,37,0,1
BRDA:66,38,0,0
BRDA:66,39,0,0
BRDA:66,40,0,0
BRDA:66,41,0,0
BRDA:66,42,0,8
BRDA:66,43,0,2
BRDA:66,44,0,8
BRDA:66,45,0,3
BRDA:66,46,0,2
BRDA:66,47,0,1
BRDA:66,48,0,0
BRDA:66,49,0,2
BRDA:66,50,0,0
BRDA:24,51,0,1
BRDA:25,52,0,3
BRDA:33,53,0,3
BRDA:66,54,0,3
BRDA:66,55,0,8
BRDA:34,56,0,3
BRDA:66,57,0,3
BRDA:36,58,0,1
BRDA:38,59,0,2
BRDA:66,60,0,2
BRDA:48,61,0,1
BRF:62
BRH:42
end_of_record
TN:
SF:src/modules/users/services/CreateUserService.ts
FN:45,__decorate
FN:45,__metadata
FN:45,__param
FN:45,__awaiter
FN:45,adopt
FN:45,fulfilled
FN:45,rejected
FN:45,step
FN:45,__generator
FN:45,sent
FN:45,g.<computed>
FN:45,verb
FN:45,step
FN:45,__importDefault
FN:18,CreateUserService
FN:26,CreateUserService.execute
FNF:16
FNH:14
FNDA:2,__decorate
FNDA:2,__metadata
FNDA:4,__param
FNDA:5,__awaiter
FNDA:13,adopt
FNDA:13,fulfilled
FNDA:0,rejected
FNDA:17,step
FNDA:5,__generator
FNDA:13,sent
FNDA:0,g.<computed>
FNDA:15,verb
FNDA:18,step
FNDA:2,__importDefault
FNDA:5,CreateUserService
FNDA:5,CreateUserService.execute
DA:1,1
DA:2,1
DA:3,1
DA:4,1
DA:5,1
DA:6,1
DA:7,1
DA:8,1
DA:9,1
DA:10,1
DA:11,1
DA:12,1
DA:13,1
DA:14,1
DA:15,1
DA:16,1
DA:17,2
DA:18,2
DA:19,5
DA:20,5
DA:21,5
DA:22,5
DA:23,5
DA:24,5
DA:25,2
DA:26,2
DA:27,5
DA:28,5
DA:29,5
DA:30,1
DA:31,1
DA:32,4
DA:33,4
DA:34,5
DA:35,5
DA:36,5
DA:37,5
DA:38,5
DA:39,5
DA:40,5
DA:41,5
DA:42,5
DA:43,2
DA:44,1
DA:45,1
LF:45
LH:45
BRDA:45,0,0,2
BRDA:45,1,0,2
BRDA:45,2,0,0
BRDA:45,3,0,0
BRDA:45,4,0,0
BRDA:45,5,0,0
BRDA:45,6,0,2
BRDA:45,7,0,4
BRDA:45,8,0,4
BRDA:45,9,0,5
BRDA:45,10,0,13
BRDA:45,11,0,0
BRDA:45,12,0,5
BRDA:45,13,0,13
BRDA:45,14,0,1
BRDA:45,15,0,17
BRDA:45,16,0,4
BRDA:45,17,0,13
BRDA:45,18,0,5
BRDA:45,19,0,13
BRDA:45,20,0,0
BRDA:45,21,0,15
BRDA:45,22,0,18
BRDA:45,23,0,18
BRDA:45,24,0,0
BRDA:45,25,0,36
BRDA:45,26,0,0
BRDA:45,27,0,0
BRDA:45,28,0,0
BRDA:45,29,0,0
BRDA:45,30,0,18
BRDA:45,31,0,18
BRDA:45,32,0,13
BRDA:45,33,0,0
BRDA:45,34,0,0
BRDA:45,35,0,5
BRDA:45,36,0,0
BRDA:45,37,0,4
BRDA:45,38,0,0
BRDA:45,39,0,0
BRDA:45,40,0,0
BRDA:45,41,0,0
BRDA:45,42,0,18
BRDA:45,43,0,1
BRDA:45,44,0,18
BRDA:45,45,0,5
BRDA:45,46,0,1
BRDA:45,47,0,4
BRDA:45,48,0,0
BRDA:45,49,0,2
BRDA:45,50,0,0
BRDA:17,51,0,2
BRDA:18,52,0,5
BRDA:26,53,0,5
BRDA:45,54,0,5
BRDA:45,55,0,18
BRDA:27,56,0,5
BRDA:45,57,0,5
BRDA:29,58,0,1
BRDA:31,59,0,4
BRDA:45,60,0,4
BRDA:45,61,0,4
BRF:62
BRH:42
end_of_record
TN:
SF:src/modules/users/services/ResetPasswordService.ts
FN:55,__decorate
FN:55,__metadata
FN:55,__param
FN:55,__awaiter
FN:55,adopt
FN:55,fulfilled
FN:55,rejected
FN:55,step
FN:55,__generator
FN:55,sent
FN:55,g.<computed>
FN:55,verb
FN:55,step
FN:55,__importDefault
FN:18,ResetPasswordService
FN:29,ResetPasswordService.execute
FNF:16
FNH:14
FNDA:1,__decorate
FNDA:1,__metadata
FNDA:3,__param
FNDA:4,__awaiter
FNDA:9,adopt
FNDA:9,fulfilled
FNDA:0,rejected
FNDA:10,step
FNDA:4,__generator
FNDA:9,sent
FNDA:0,g.<computed>
FNDA:12,verb
FNDA:13,step
FNDA:1,__importDefault
FNDA:4,ResetPasswordService
FNDA:4,ResetPasswordService.execute
DA:1,1
DA:2,1
DA:3,1
DA:4,1
DA:5,1
DA:6,1
DA:7,1
DA:8,1
DA:9,1
DA:10,1
DA:11,1
DA:12,1
DA:13,1
DA:14,1
DA:15,1
DA:16,1
DA:17,1
DA:18,1
DA:19,4
DA:20,4
DA:21,4
DA:22,4
DA:23,4
DA:24,4
DA:25,4
DA:26,4
DA:27,4
DA:28,1
DA:29,1
DA:30,4
DA:31,4
DA:32,4
DA:33,1
DA:34,1
DA:35,3
DA:36,3
DA:37,4
DA:38,4
DA:39,1
DA:40,1
DA:41,2
DA:42,2
DA:43,2
DA:44,2
DA:45,4
DA:46,1
DA:47,1
DA:48,1
DA:49,1
DA:50,4
DA:51,4
DA:52,4
DA:53,1
DA:54,1
DA:55,1
LF:55
LH:55
BRDA:55,0,0,1
BRDA:55,1,0,1
BRDA:55,2,0,0
BRDA:55,3,0,0
BRDA:55,4,0,0
BRDA:55,5,0,0
BRDA:55,6,0,1
BRDA:55,7,0,3
BRDA:55,8,0,3
BRDA:55,9,0,4
BRDA:55,10,0,9
BRDA:55,11,0,0
BRDA:55,12,0,4
BRDA:55,13,0,9
BRDA:55,14,0,3
BRDA:55,15,0,10
BRDA:55,16,0,1
BRDA:55,17,0,9
BRDA:55,18,0,4
BRDA:55,19,0,9
BRDA:55,20,0,0
BRDA:55,21,0,12
BRDA:55,22,0,13
BRDA:55,23,0,13
BRDA:55,24,0,0
BRDA:55,25,0,26
BRDA:55,26,0,0
BRDA:55,27,0,0
BRDA:55,28,0,0
BRDA:55,29,0,0
BRDA:55,30,0,13
BRDA:55,31,0,13
BRDA:55,32,0,9
BRDA:55,33,0,0
BRDA:55,34,0,0
BRDA:55,35,0,4
BRDA:55,36,0,0
BRDA:55,37,0,1
BRDA:55,38,0,0
BRDA:55,39,0,0
BRDA:55,40,0,0
BRDA:55,41,0,0
BRDA:55,42,0,13
BRDA:55,43,0,3
BRDA:55,44,0,13
BRDA:55,45,0,4
BRDA:55,46,0,3
BRDA:55,47,0,1
BRDA:55,48,0,0
BRDA:55,49,0,1
BRDA:55,50,0,0
BRDA:17,51,0,1
BRDA:18,52,0,4
BRDA:29,53,0,4
BRDA:55,54,0,4
BRDA:55,55,0,13
BRDA:30,56,0,4
BRDA:55,57,0,4
BRDA:32,58,0,1
BRDA:34,59,0,3
BRDA:55,60,0,3
BRDA:38,61,0,1
BRDA:40,62,0,2
BRDA:45,63,0,1
BRDA:55,64,0,1
BRDA:55,65,0,1
BRF:66
BRH:46
end_of_record
TN:
SF:src/modules/users/services/SendForgotPasswordEmailService.ts
FN:1,(empty-report)
FNF:1
FNH:0
FNDA:0,(empty-report)
DA:1,0
DA:2,0
DA:3,0
DA:4,0
DA:5,0
DA:6,0
DA:7,0
DA:8,0
DA:9,0
DA:10,0
DA:11,0
DA:12,0
DA:13,0
DA:14,0
DA:15,0
DA:16,0
DA:17,0
DA:18,0
DA:19,0
DA:20,0
DA:21,0
DA:22,0
DA:23,0
DA:24,0
DA:25,0
DA:26,0
DA:27,0
DA:28,0
DA:29,0
DA:30,0
DA:31,0
DA:32,0
DA:33,0
DA:34,0
DA:35,0
DA:36,0
DA:37,0
DA:38,0
DA:39,0
DA:40,0
DA:41,0
DA:42,0
DA:43,0
DA:44,0
DA:45,0
DA:46,0
DA:47,0
DA:48,0
DA:49,0
DA:50,0
DA:51,0
DA:52,0
DA:53,0
DA:54,0
DA:55,0
DA:56,0
DA:57,0
DA:58,0
DA:59,0
DA:60,0
LF:60
LH:0
BRDA:1,0,0,0
BRF:1
BRH:0
end_of_record
TN:
SF:src/modules/users/services/UpdateUserAvatarService.ts
FN:49,__decorate
FN:49,__metadata
FN:49,__param
FN:49,__awaiter
FN:49,adopt
FN:49,fulfilled
FN:49,rejected
FN:49,step
FN:49,__generator
FN:49,sent
FN:49,g.<computed>
FN:49,verb
FN:49,step
FN:49,__importDefault
FN:20,UpdateUserAvatarService
FN:28,UpdateUserAvatarService.execute
FNF:16
FNH:14
FNDA:1,__decorate
FNDA:1,__metadata
FNDA:2,__param
FNDA:4,__awaiter
FNDA:11,adopt
FNDA:11,fulfilled
FNDA:0,rejected
FNDA:14,step
FNDA:4,__generator
FNDA:11,sent
FNDA:0,g.<computed>
FNDA:12,verb
FNDA:15,step
FNDA:1,__importDefault
FNDA:3,UpdateUserAvatarService
FNDA:4,UpdateUserAvatarService.execute
DA:1,1
DA:2,1
DA:3,1
DA:4,1
DA:5,1
DA:6,1
DA:7,1
DA:8,1
DA:9,1
DA:10,1
DA:11,1
DA:12,1
DA:13,1
DA:14,1
DA:15,1
DA:16,1
DA:17,1
DA:18,1
DA:19,1
DA:20,1
DA:21,3
DA:22,3
DA:23,3
DA:24,3
DA:25,3
DA:26,3
DA:27,1
DA:28,1
DA:29,4
DA:30,4
DA:31,4
DA:32,1
DA:33,1
DA:34,3
DA:35,3
DA:36,1
DA:37,4
DA:38,4
DA:39,4
DA:40,4
DA:41,4
DA:42,4
DA:43,4
DA:44,4
DA:45,4
DA:46,4
DA:47,1
DA:48,1
DA:49,1
LF:49
LH:49
BRDA:49,0,0,1
BRDA:49,1,0,1
BRDA:49,2,0,0
BRDA:49,3,0,0
BRDA:49,4,0,0
BRDA:49,5,0,0
BRDA:49,6,0,1
BRDA:49,7,0,2
BRDA:49,8,0,2
BRDA:49,9,0,4
BRDA:49,10,0,11
BRDA:49,11,0,0
BRDA:49,12,0,4
BRDA:49,13,0,11
BRDA:49,14,0,1
BRDA:49,15,0,14
BRDA:49,16,0,3
BRDA:49,17,0,11
BRDA:49,18,0,4
BRDA:49,19,0,11
BRDA:49,20,0,0
BRDA:49,21,0,12
BRDA:49,22,0,15
BRDA:49,23,0,15
BRDA:49,24,0,0
BRDA:49,25,0,32
BRDA:49,26,0,0
BRDA:49,27,0,0
BRDA:49,28,0,0
BRDA:49,29,0,0
BRDA:49,30,0,15
BRDA:49,31,0,15
BRDA:49,32,0,11
BRDA:49,33,0,0
BRDA:49,34,0,0
BRDA:49,35,0,6
BRDA:49,36,0,0
BRDA:49,37,0,5
BRDA:49,38,0,4
BRDA:49,39,0,2
BRDA:49,40,0,0
BRDA:49,41,0,2
BRDA:49,42,0,0
BRDA:49,43,0,0
BRDA:49,44,0,0
BRDA:49,45,0,17
BRDA:49,46,0,1
BRDA:49,47,0,17
BRDA:49,48,0,4
BRDA:49,49,0,1
BRDA:49,50,0,3
BRDA:49,51,0,0
BRDA:49,52,0,1
BRDA:49,53,0,0
BRDA:19,54,0,1
BRDA:20,55,0,3
BRDA:28,56,0,4
BRDA:49,57,0,4
BRDA:49,58,0,17
BRDA:29,59,0,4
BRDA:49,60,0,4
BRDA:31,61,0,1
BRDA:33,62,0,3
BRDA:35,63,0,2
BRDA:35,64,0,1
BRDA:49,65,0,1
BRDA:39,66,0,3
BRDA:49,67,0,3
BRDA:49,68,0,3
BRF:69
BRH:49
end_of_record
